
> frontend@0.1.0 build
> next build

   ▲ Next.js 15.5.0

   Creating an optimized production build ...
Failed to compile.

./src/app/api/bedrock/route.ts
Error:   [31mx[0m Expected ';', '}' or <eof>
   ,-[[36;1;4m/home/ec2-user/environment/.c9/projeto-bedrock/frontend/src/app/api/bedrock/route.ts[0m:2:1]
 [2m1[0m | 
 [2m2[0m | rt const runtime = "nodejs";
   : [35;1m^|[0m[33;1m ^^^^^[0m
   :  [35;1m`-- [35;1mThis is the expression part of an expression statement[0m[0m
 [2m3[0m | export const dynamic = "force-dynamic";
 [2m4[0m | 
 [2m5[0m | import type { NextRequest } from "next/server";
   `----

Caused by:
    Syntax Error

Import trace for requested module:
./src/app/api/bedrock/route.ts


> Build failed because of webpack errors
